0 info it worked if it ends with ok
1 verbose cli [ '/usr/bin/nodejs',
1 verbose cli   '/usr/bin/npm',
1 verbose cli   'install',
1 verbose cli   'supervisor',
1 verbose cli   '-g' ]
2 info using npm@1.4.21
3 info using node@v0.10.25
4 verbose cache add [ 'supervisor', null ]
5 verbose cache add name=undefined spec="supervisor" args=["supervisor",null]
6 verbose parsed url { protocol: null,
6 verbose parsed url   slashes: null,
6 verbose parsed url   auth: null,
6 verbose parsed url   host: null,
6 verbose parsed url   port: null,
6 verbose parsed url   hostname: null,
6 verbose parsed url   hash: null,
6 verbose parsed url   search: null,
6 verbose parsed url   query: null,
6 verbose parsed url   pathname: 'supervisor',
6 verbose parsed url   path: 'supervisor',
6 verbose parsed url   href: 'supervisor' }
7 silly lockFile 0f4d09e4-supervisor supervisor
8 verbose lock supervisor /home/rafaramirez/.npm/0f4d09e4-supervisor.lock
9 silly lockFile 0f4d09e4-supervisor supervisor
10 silly lockFile 0f4d09e4-supervisor supervisor
11 verbose addNamed [ 'supervisor', '' ]
12 verbose addNamed [ null, '*' ]
13 silly lockFile b28163ae-supervisor supervisor@
14 verbose lock supervisor@ /home/rafaramirez/.npm/b28163ae-supervisor.lock
15 silly addNameRange { name: 'supervisor', range: '*', hasData: false }
16 verbose request where is /supervisor
17 verbose request registry https://registry.npmjs.org/
18 verbose request id c590bbfd54e514f8
19 verbose url raw /supervisor
20 verbose url resolving [ 'https://registry.npmjs.org/', './supervisor' ]
21 verbose url resolved https://registry.npmjs.org/supervisor
22 verbose request where is https://registry.npmjs.org/supervisor
23 info trying registry request attempt 1 at 00:39:58
24 http GET https://registry.npmjs.org/supervisor
25 http 200 https://registry.npmjs.org/supervisor
26 silly registry.get cb [ 200,
26 silly registry.get   { server: 'CouchDB/1.5.0 (Erlang OTP/R16B03)',
26 silly registry.get     etag: '"D1B907RT7UZ6DWUI72L3GZ21"',
26 silly registry.get     'content-type': 'application/json',
26 silly registry.get     'cache-control': 'max-age=300',
26 silly registry.get     'content-length': '59826',
26 silly registry.get     'accept-ranges': 'bytes',
26 silly registry.get     date: 'Thu, 03 Mar 2016 23:39:58 GMT',
26 silly registry.get     via: '1.1 varnish',
26 silly registry.get     age: '285',
26 silly registry.get     connection: 'keep-alive',
26 silly registry.get     'x-served-by': 'cache-lcy1127-LCY',
26 silly registry.get     'x-cache': 'HIT',
26 silly registry.get     'x-cache-hits': '1',
26 silly registry.get     'x-timer': 'S1457048398.766583,VS0,VE0',
26 silly registry.get     vary: 'Accept' } ]
27 silly addNameRange number 2 { name: 'supervisor', range: '*', hasData: true }
28 silly addNameRange versions [ 'supervisor',
28 silly addNameRange   [ '0.0.4',
28 silly addNameRange     '0.0.5',
28 silly addNameRange     '0.0.6',
28 silly addNameRange     '0.1.0',
28 silly addNameRange     '0.1.1',
28 silly addNameRange     '0.1.2',
28 silly addNameRange     '0.1.3',
28 silly addNameRange     '0.2.0',
28 silly addNameRange     '0.3.0',
28 silly addNameRange     '0.3.1',
28 silly addNameRange     '0.3.2',
28 silly addNameRange     '0.3.3',
28 silly addNameRange     '0.3.4',
28 silly addNameRange     '0.3.5',
28 silly addNameRange     '0.3.6',
28 silly addNameRange     '0.4.0',
28 silly addNameRange     '0.4.1',
28 silly addNameRange     '0.5.0',
28 silly addNameRange     '0.5.1',
28 silly addNameRange     '0.5.2',
28 silly addNameRange     '0.5.3',
28 silly addNameRange     '0.5.4',
28 silly addNameRange     '0.5.5',
28 silly addNameRange     '0.5.6',
28 silly addNameRange     '0.5.7',
28 silly addNameRange     '0.6.0',
28 silly addNameRange     '0.7.0',
28 silly addNameRange     '0.7.1',
28 silly addNameRange     '0.8.0',
28 silly addNameRange     '0.9.0',
28 silly addNameRange     '0.9.1' ] ]
29 verbose addNamed [ 'supervisor', '0.9.1' ]
30 verbose addNamed [ '0.9.1', '0.9.1' ]
31 silly lockFile 00a710bf-supervisor-0-9-1 supervisor@0.9.1
32 verbose lock supervisor@0.9.1 /home/rafaramirez/.npm/00a710bf-supervisor-0-9-1.lock
33 silly lockFile 181ed053--supervisor-supervisor-0-9-1-tgz https://registry.npmjs.org/supervisor/-/supervisor-0.9.1.tgz
34 verbose lock https://registry.npmjs.org/supervisor/-/supervisor-0.9.1.tgz /home/rafaramirez/.npm/181ed053--supervisor-supervisor-0-9-1-tgz.lock
35 verbose addRemoteTarball [ 'https://registry.npmjs.org/supervisor/-/supervisor-0.9.1.tgz',
35 verbose addRemoteTarball   '8931ec8154a8fe6354abe4eb488e56bc7173ffdc' ]
36 info retry fetch attempt 1 at 00:39:58
37 verbose fetch to= /tmp/npm-10023-y3ZeM9kk/registry.npmjs.org/supervisor/-/supervisor-0.9.1.tgz
38 http GET https://registry.npmjs.org/supervisor/-/supervisor-0.9.1.tgz
39 http 200 https://registry.npmjs.org/supervisor/-/supervisor-0.9.1.tgz
40 silly lockFile 181ed053--supervisor-supervisor-0-9-1-tgz https://registry.npmjs.org/supervisor/-/supervisor-0.9.1.tgz
41 silly lockFile 181ed053--supervisor-supervisor-0-9-1-tgz https://registry.npmjs.org/supervisor/-/supervisor-0.9.1.tgz
42 silly lockFile 00a710bf-supervisor-0-9-1 supervisor@0.9.1
43 silly lockFile 00a710bf-supervisor-0-9-1 supervisor@0.9.1
44 silly lockFile b28163ae-supervisor supervisor@
45 silly lockFile b28163ae-supervisor supervisor@
46 silly resolved [ { name: 'supervisor',
46 silly resolved     version: '0.9.1',
46 silly resolved     description: 'A supervisor program for running nodejs programs',
46 silly resolved     author: { name: 'Isaac Z. Schlueter', email: 'i@izs.me' },
46 silly resolved     contributors:
46 silly resolved      [ [Object],
46 silly resolved        [Object],
46 silly resolved        [Object],
46 silly resolved        [Object],
46 silly resolved        [Object],
46 silly resolved        [Object],
46 silly resolved        [Object],
46 silly resolved        [Object],
46 silly resolved        [Object],
46 silly resolved        [Object],
46 silly resolved        [Object],
46 silly resolved        [Object],
46 silly resolved        [Object],
46 silly resolved        [Object],
46 silly resolved        [Object],
46 silly resolved        [Object],
46 silly resolved        [Object],
46 silly resolved        [Object],
46 silly resolved        [Object],
46 silly resolved        [Object],
46 silly resolved        [Object],
46 silly resolved        [Object],
46 silly resolved        [Object],
46 silly resolved        [Object],
46 silly resolved        [Object],
46 silly resolved        [Object],
46 silly resolved        [Object] ],
46 silly resolved     repository:
46 silly resolved      { type: 'git',
46 silly resolved        url: 'git://github.com/petruisfan/node-supervisor.git' },
46 silly resolved     bugs: { url: 'https://github.com/petruisfan/node-supervisor/issues' },
46 silly resolved     homepage: 'https://github.com/petruisfan/node-supervisor/',
46 silly resolved     main: 'lib/supervisor.js',
46 silly resolved     bin:
46 silly resolved      { 'node-supervisor': 'lib/cli-wrapper.js',
46 silly resolved        supervisor: 'lib/cli-wrapper.js' },
46 silly resolved     engines: { node: '>=0.6.0' },
46 silly resolved     preferGlobal: true,
46 silly resolved     gitHead: 'b4ba66718f232fe071022080488a977f31a69a12',
46 silly resolved     _id: 'supervisor@0.9.1',
46 silly resolved     scripts: {},
46 silly resolved     _shasum: '8931ec8154a8fe6354abe4eb488e56bc7173ffdc',
46 silly resolved     _from: 'supervisor@',
46 silly resolved     _npmVersion: '2.1.16',
46 silly resolved     _nodeVersion: '0.10.35',
46 silly resolved     _npmUser: { name: 'petruisfan', email: 'petru.isfan@gmail.com' },
46 silly resolved     dist:
46 silly resolved      { shasum: '8931ec8154a8fe6354abe4eb488e56bc7173ffdc',
46 silly resolved        tarball: 'http://registry.npmjs.org/supervisor/-/supervisor-0.9.1.tgz' },
46 silly resolved     maintainers: [ [Object], [Object], [Object] ],
46 silly resolved     directories: {},
46 silly resolved     _resolved: 'https://registry.npmjs.org/supervisor/-/supervisor-0.9.1.tgz' } ]
47 info install supervisor@0.9.1 into /usr/local/lib
48 info installOne supervisor@0.9.1
49 verbose lib/node_modules/supervisor unbuild
50 verbose tar unpack /home/rafaramirez/.npm/supervisor/0.9.1/package.tgz
51 silly lockFile 108aea87-ocal-lib-node-modules-supervisor tar:///usr/local/lib/node_modules/supervisor
52 verbose lock tar:///usr/local/lib/node_modules/supervisor /home/rafaramirez/.npm/108aea87-ocal-lib-node-modules-supervisor.lock
53 silly lockFile 0ca0209e-npm-supervisor-0-9-1-package-tgz tar:///home/rafaramirez/.npm/supervisor/0.9.1/package.tgz
54 verbose lock tar:///home/rafaramirez/.npm/supervisor/0.9.1/package.tgz /home/rafaramirez/.npm/0ca0209e-npm-supervisor-0-9-1-package-tgz.lock
55 silly gunzTarPerm modes [ '775', '664' ]
56 error tar.unpack untar error /home/rafaramirez/.npm/supervisor/0.9.1/package.tgz
57 silly lockFile 108aea87-ocal-lib-node-modules-supervisor tar:///usr/local/lib/node_modules/supervisor
58 silly lockFile 108aea87-ocal-lib-node-modules-supervisor tar:///usr/local/lib/node_modules/supervisor
59 silly lockFile 0ca0209e-npm-supervisor-0-9-1-package-tgz tar:///home/rafaramirez/.npm/supervisor/0.9.1/package.tgz
60 silly lockFile 0ca0209e-npm-supervisor-0-9-1-package-tgz tar:///home/rafaramirez/.npm/supervisor/0.9.1/package.tgz
61 verbose lib/node_modules/supervisor unbuild
62 error Error: EACCES, mkdir '/usr/local/lib/node_modules/supervisor'
62 error  { [Error: EACCES, mkdir '/usr/local/lib/node_modules/supervisor']
62 error   errno: 3,
62 error   code: 'EACCES',
62 error   path: '/usr/local/lib/node_modules/supervisor',
62 error   fstream_type: 'Directory',
62 error   fstream_path: '/usr/local/lib/node_modules/supervisor',
62 error   fstream_class: 'DirWriter',
62 error   fstream_stack:
62 error    [ '/usr/lib/nodejs/fstream/lib/dir-writer.js:36:23',
62 error      '/usr/lib/nodejs/mkdirp/index.js:46:53',
62 error      'Object.oncomplete (fs.js:107:15)' ] }
63 error Please try running this command again as root/Administrator.
64 error System Linux 4.2.0-32-generic
65 error command "/usr/bin/nodejs" "/usr/bin/npm" "install" "supervisor" "-g"
66 error cwd /home/rafaramirez/workspace/react-tutorial
67 error node -v v0.10.25
68 error npm -v 1.4.21
69 error path /usr/local/lib/node_modules/supervisor
70 error fstream_path /usr/local/lib/node_modules/supervisor
71 error fstream_type Directory
72 error fstream_class DirWriter
73 error code EACCES
74 error errno 3
75 error stack Error: EACCES, mkdir '/usr/local/lib/node_modules/supervisor'
76 error fstream_stack /usr/lib/nodejs/fstream/lib/dir-writer.js:36:23
76 error fstream_stack /usr/lib/nodejs/mkdirp/index.js:46:53
76 error fstream_stack Object.oncomplete (fs.js:107:15)
77 verbose exit [ 3, true ]
